==== Wed Nov 17 16:16:26 2021 Started analysis, run 11994
Reading from "file:///cache/mss/halla/sbs/raw/e1209019_11994.evio.0.0" (GMN run)
End of file.
==== Wed Nov 17 16:36:29 2021 Summary for run 11994
Counter summary:
87212  events read
87212  events decoded
87188  physics events
3      slow control events
21     other event types
87188  physics events analyzed
6624   events accepted
20238  skipped after Coarse Reconstruct
60350  skipped after Physics

Cut summary:
Name                      Def                        Called     Passed
------------------------------------------------------------------------------
BLOCK: RawDecode
RawDecode_master          1                          87212      87212 (100%)

BLOCK: Decode
Decode_master             1                          87188      87188 (100%)

BLOCK: CoarseReconstruct
HitsPreShower             bb.ps.nclus>0              87188      66950 (76.8%)
HitsShower                bb.sh.nclus>0              87188      86657 (99.4%)
GoodPreShower             bb.ps.ngoodADChits>0       87188      79806 (91.5%)
GoodShower                bb.sh.ngoodADChits>0       87188      86782 (99.5%)
GoodEvent                 HitsPreShower&&HitsShower  87188      66950 (76.8%)
CoarseReconstruct_master  GoodEvent                  87188      66950 (76.8%)

BLOCK: Physics
GoodTrack                 BB.gold.index>-1           66950      6600  (9.86%)
Physics_master            GoodTrack                  66950      6600  (9.86%)

Timing summary:
Init             : Real Time =   4.89 seconds Cpu Time =   4.70 seconds
Begin            : Real Time =   0.90 seconds Cpu Time =   0.89 seconds
RawDecode        : Real Time = 228.70 seconds Cpu Time = 215.29 seconds
Decode           : Real Time = 548.11 seconds Cpu Time = 548.74 seconds
CoarseTracking   : Real Time =   0.15 seconds Cpu Time =   0.15 seconds
CoarseReconstruct: Real Time =   5.55 seconds Cpu Time =   5.38 seconds
Tracking         : Real Time = 400.79 seconds Cpu Time = 401.54 seconds
Reconstruct      : Real Time =   0.86 seconds Cpu Time =   0.92 seconds
Physics          : Real Time =   0.12 seconds Cpu Time =   0.13 seconds
End              : Real Time =   7.84 seconds Cpu Time =   7.84 seconds
Output           : Real Time =   2.86 seconds Cpu Time =   2.71 seconds
Cuts             : Real Time =   1.35 seconds Cpu Time =   1.31 seconds
Total            : Real Time = 1203.92 seconds Cpu Time = 1191.28 seconds
