==== Tue Nov 16 23:14:51 2021 Started analysis, run 11990
Reading from "file:///cache/mss/halla/sbs/raw/e1209019_11990.evio.0.0" (GMN run)
End of file.
==== Tue Nov 16 23:33:00 2021 Summary for run 11990
Counter summary:
130133  events read
130133  events decoded
130037  physics events
27      slow control events
69      other event types
130037  physics events analyzed
10795   events accepted
48497   skipped after Coarse Reconstruct
70841   skipped after Physics

Cut summary:
Name                      Def                        Called     Passed
-------------------------------------------------------------------------------
BLOCK: RawDecode
RawDecode_master          1                          130133     130133 (100%)

BLOCK: Decode
Decode_master             1                          130037     130037 (100%)

BLOCK: CoarseReconstruct
HitsPreShower             bb.ps.nclus>0              130037     81540  (62.7%)
HitsShower                bb.sh.nclus>0              130037     125804 (96.7%)
GoodPreShower             bb.ps.ngoodADChits>0       130037     94221  (72.5%)
GoodShower                bb.sh.ngoodADChits>0       130037     126209 (97.1%)
GoodEvent                 HitsPreShower&&HitsShower  130037     81540  (62.7%)
CoarseReconstruct_master  GoodEvent                  130037     81540  (62.7%)

BLOCK: Physics
GoodTrack                 BB.gold.index>-1           81540      10699  (13.1%)
Physics_master            GoodTrack                  81540      10699  (13.1%)

Timing summary:
Init             : Real Time =   3.99 seconds Cpu Time =   3.91 seconds
Begin            : Real Time =   0.97 seconds Cpu Time =   0.96 seconds
RawDecode        : Real Time = 417.00 seconds Cpu Time = 219.37 seconds
Decode           : Real Time = 471.79 seconds Cpu Time = 471.30 seconds
CoarseTracking   : Real Time =   0.21 seconds Cpu Time =   0.22 seconds
CoarseReconstruct: Real Time =   4.49 seconds Cpu Time =   4.73 seconds
Tracking         : Real Time = 175.48 seconds Cpu Time = 174.23 seconds
Reconstruct      : Real Time =   0.84 seconds Cpu Time =   0.85 seconds
Physics          : Real Time =   0.14 seconds Cpu Time =   0.12 seconds
End              : Real Time =   7.40 seconds Cpu Time =   7.39 seconds
Output           : Real Time =   2.91 seconds Cpu Time =   3.02 seconds
Cuts             : Real Time =   1.67 seconds Cpu Time =   1.68 seconds
Total            : Real Time = 1089.30 seconds Cpu Time = 890.08 seconds
 Continuing analysis, run 11990
Reading from "file:///cache/mss/halla/sbs/raw/e1209019_11990.evio.0.1" (GMN run)
End of file.
==== Tue Nov 16 23:55:06 2021 Summary for run 11990
Counter summary:
261014  events read
261014  events decoded
260828  physics events
57      slow control events
129     other event types
260828  physics events analyzed
21745   events accepted
97278   skipped after Coarse Reconstruct
141991  skipped after Physics

Cut summary:
Name                      Def                        Called     Passed
-------------------------------------------------------------------------------
BLOCK: RawDecode
RawDecode_master          1                          261014     261014 (100%)

BLOCK: Decode
Decode_master             1                          260828     260828 (100%)

BLOCK: CoarseReconstruct
HitsPreShower             bb.ps.nclus>0              260828     163550 (62.7%)
HitsShower                bb.sh.nclus>0              260828     252267 (96.7%)
GoodPreShower             bb.ps.ngoodADChits>0       260828     188824 (72.4%)
GoodShower                bb.sh.ngoodADChits>0       260828     253074 (97%)
GoodEvent                 HitsPreShower&&HitsShower  260828     163550 (62.7%)
CoarseReconstruct_master  GoodEvent                  260828     163550 (62.7%)

BLOCK: Physics
GoodTrack                 BB.gold.index>-1           163550     21559  (13.2%)
Physics_master            GoodTrack                  163550     21559  (13.2%)

Timing summary:
Init             : Real Time =   3.99 seconds Cpu Time =   3.92 seconds
Begin            : Real Time =   0.97 seconds Cpu Time =   0.96 seconds
RawDecode        : Real Time = 1071.62 seconds Cpu Time = 444.07 seconds
Decode           : Real Time = 946.17 seconds Cpu Time = 944.40 seconds
CoarseTracking   : Real Time =   0.41 seconds Cpu Time =   0.40 seconds
CoarseReconstruct: Real Time =   9.05 seconds Cpu Time =   9.22 seconds
Tracking         : Real Time = 351.14 seconds Cpu Time = 350.03 seconds
Reconstruct      : Real Time =   1.69 seconds Cpu Time =   1.83 seconds
Physics          : Real Time =   0.27 seconds Cpu Time =   0.26 seconds
End              : Real Time =  15.58 seconds Cpu Time =  15.17 seconds
Output           : Real Time =   5.64 seconds Cpu Time =   6.05 seconds
Cuts             : Real Time =   3.35 seconds Cpu Time =   3.37 seconds
Total            : Real Time = 2414.79 seconds Cpu Time = 1784.37 seconds
 Continuing analysis, run 11990
Reading from "file:///cache/mss/halla/sbs/raw/e1209019_11990.evio.0.2" (GMN run)
End of file.
==== Wed Nov 17 00:14:38 2021 Summary for run 11990
Counter summary:
392162  events read
392162  events decoded
391883  physics events
88      slow control events
191     other event types
391883  physics events analyzed
32693   events accepted
146677  skipped after Coarse Reconstruct
212792  skipped after Physics

Cut summary:
Name                      Def                        Called     Passed
-------------------------------------------------------------------------------
BLOCK: RawDecode
RawDecode_master          1                          392162     392162 (100%)

BLOCK: Decode
Decode_master             1                          391883     391883 (100%)

BLOCK: CoarseReconstruct
HitsPreShower             bb.ps.nclus>0              391883     245206 (62.6%)
HitsShower                bb.sh.nclus>0              391883     378758 (96.7%)
GoodPreShower             bb.ps.ngoodADChits>0       391883     283347 (72.3%)
GoodShower                bb.sh.ngoodADChits>0       391883     379979 (97%)
GoodEvent                 HitsPreShower&&HitsShower  391883     245206 (62.6%)
CoarseReconstruct_master  GoodEvent                  391883     245206 (62.6%)

BLOCK: Physics
GoodTrack                 BB.gold.index>-1           245206     32414  (13.2%)
Physics_master            GoodTrack                  245206     32414  (13.2%)

Timing summary:
Init             : Real Time =   3.99 seconds Cpu Time =   3.92 seconds
Begin            : Real Time =   0.97 seconds Cpu Time =   0.96 seconds
RawDecode        : Real Time = 1581.20 seconds Cpu Time = 663.88 seconds
Decode           : Real Time = 1416.31 seconds Cpu Time = 1416.18 seconds
CoarseTracking   : Real Time =   0.62 seconds Cpu Time =   0.55 seconds
CoarseReconstruct: Real Time =  13.59 seconds Cpu Time =  13.60 seconds
Tracking         : Real Time = 523.01 seconds Cpu Time = 520.69 seconds
Reconstruct      : Real Time =   2.53 seconds Cpu Time =   2.74 seconds
Physics          : Real Time =   0.41 seconds Cpu Time =   0.37 seconds
End              : Real Time =  24.01 seconds Cpu Time =  23.19 seconds
Output           : Real Time =   8.36 seconds Cpu Time =   8.71 seconds
Cuts             : Real Time =   5.03 seconds Cpu Time =   5.08 seconds
Total            : Real Time = 3587.38 seconds Cpu Time = 2666.68 seconds
 Continuing analysis, run 11990
Reading from "file:///cache/mss/halla/sbs/raw/e1209019_11990.evio.0.3" (GMN run)
End of file.
==== Wed Nov 17 00:32:58 2021 Summary for run 11990
Counter summary:
523148  events read
523148  events decoded
522764  physics events
122     slow control events
262     other event types
522764  physics events analyzed
43488   events accepted
196121  skipped after Coarse Reconstruct
283539  skipped after Physics

Cut summary:
Name                      Def                        Called     Passed
-------------------------------------------------------------------------------
BLOCK: RawDecode
RawDecode_master          1                          523148     523148 (100%)

BLOCK: Decode
Decode_master             1                          522764     522764 (100%)

BLOCK: CoarseReconstruct
HitsPreShower             bb.ps.nclus>0              522764     326643 (62.5%)
HitsShower                bb.sh.nclus>0              522764     504449 (96.5%)
GoodPreShower             bb.ps.ngoodADChits>0       522764     377454 (72.2%)
GoodShower                bb.sh.ngoodADChits>0       522764     506121 (96.8%)
GoodEvent                 HitsPreShower&&HitsShower  522764     326643 (62.5%)
CoarseReconstruct_master  GoodEvent                  522764     326643 (62.5%)

BLOCK: Physics
GoodTrack                 BB.gold.index>-1           326643     43104  (13.2%)
Physics_master            GoodTrack                  326643     43104  (13.2%)

Timing summary:
Init             : Real Time =   3.99 seconds Cpu Time =   3.92 seconds
Begin            : Real Time =   0.97 seconds Cpu Time =   0.96 seconds
RawDecode        : Real Time = 2021.69 seconds Cpu Time = 880.50 seconds
Decode           : Real Time = 1882.21 seconds Cpu Time = 1881.71 seconds
CoarseTracking   : Real Time =   0.83 seconds Cpu Time =   0.88 seconds
CoarseReconstruct: Real Time =  18.09 seconds Cpu Time =  18.05 seconds
Tracking         : Real Time = 694.99 seconds Cpu Time = 693.09 seconds
Reconstruct      : Real Time =   3.36 seconds Cpu Time =   3.50 seconds
Physics          : Real Time =   0.54 seconds Cpu Time =   0.53 seconds
End              : Real Time =  32.74 seconds Cpu Time =  31.49 seconds
Output           : Real Time =  11.07 seconds Cpu Time =  11.47 seconds
Cuts             : Real Time =   6.69 seconds Cpu Time =   6.90 seconds
Total            : Real Time = 4686.95 seconds Cpu Time = 3541.95 seconds
 Continuing analysis, run 11990
Reading from "file:///cache/mss/halla/sbs/raw/e1209019_11990.evio.0.4" (GMN run)
End of file.
==== Wed Nov 17 00:50:27 2021 Summary for run 11990
Counter summary:
649941  events read
649941  events decoded
649475  physics events
149     slow control events
317     other event types
649475  physics events analyzed
53935   events accepted
243121  skipped after Coarse Reconstruct
352885  skipped after Physics

Cut summary:
Name                      Def                        Called     Passed
-------------------------------------------------------------------------------
BLOCK: RawDecode
RawDecode_master          1                          649941     649941 (100%)

BLOCK: Decode
Decode_master             1                          649475     649475 (100%)

BLOCK: CoarseReconstruct
HitsPreShower             bb.ps.nclus>0              649475     406354 (62.6%)
HitsShower                bb.sh.nclus>0              649475     627442 (96.6%)
GoodPreShower             bb.ps.ngoodADChits>0       649475     469728 (72.3%)
GoodShower                bb.sh.ngoodADChits>0       649475     629499 (96.9%)
GoodEvent                 HitsPreShower&&HitsShower  649475     406354 (62.6%)
CoarseReconstruct_master  GoodEvent                  649475     406354 (62.6%)

BLOCK: Physics
GoodTrack                 BB.gold.index>-1           406354     53469  (13.2%)
Physics_master            GoodTrack                  406354     53469  (13.2%)

Timing summary:
Init             : Real Time =   3.99 seconds Cpu Time =   3.92 seconds
Begin            : Real Time =   0.97 seconds Cpu Time =   0.96 seconds
RawDecode        : Real Time = 2426.56 seconds Cpu Time = 1093.47 seconds
Decode           : Real Time = 2336.97 seconds Cpu Time = 2335.56 seconds
CoarseTracking   : Real Time =   1.03 seconds Cpu Time =   1.08 seconds
CoarseReconstruct: Real Time =  22.46 seconds Cpu Time =  22.07 seconds
Tracking         : Real Time = 863.66 seconds Cpu Time = 860.93 seconds
Reconstruct      : Real Time =   4.16 seconds Cpu Time =   4.24 seconds
Physics          : Real Time =   0.67 seconds Cpu Time =   0.71 seconds
End              : Real Time =  41.56 seconds Cpu Time =  39.87 seconds
Output           : Real Time =  13.61 seconds Cpu Time =  14.19 seconds
Cuts             : Real Time =   8.29 seconds Cpu Time =   8.37 seconds
Total            : Real Time = 5736.08 seconds Cpu Time = 4396.41 seconds
