==== Wed Nov 17 10:40:12 2021 Started analysis, run 11993
Reading from "file:///cache/mss/halla/sbs/raw/e1209019_11993.evio.0.0" (GMN run)
End of file.
==== Wed Nov 17 11:01:17 2021 Summary for run 11993
Counter summary:
90919  events read
90919  events decoded
90864  physics events
14     slow control events
41     other event types
90864  physics events analyzed
6998   events accepted
23823  skipped after Coarse Reconstruct
60098  skipped after Physics

Cut summary:
Name                      Def                        Called     Passed
------------------------------------------------------------------------------
BLOCK: RawDecode
RawDecode_master          1                          90919      90919 (100%)

BLOCK: Decode
Decode_master             1                          90864      90864 (100%)

BLOCK: CoarseReconstruct
HitsPreShower             bb.ps.nclus>0              90864      67041 (73.8%)
HitsShower                bb.sh.nclus>0              90864      88640 (97.6%)
GoodPreShower             bb.ps.ngoodADChits>0       90864      80105 (88.2%)
GoodShower                bb.sh.ngoodADChits>0       90864      88770 (97.7%)
GoodEvent                 HitsPreShower&&HitsShower  90864      67041 (73.8%)
CoarseReconstruct_master  GoodEvent                  90864      67041 (73.8%)

BLOCK: Physics
GoodTrack                 BB.gold.index>-1           67041      6943  (10.4%)
Physics_master            GoodTrack                  67041      6943  (10.4%)

Timing summary:
Init             : Real Time =   4.57 seconds Cpu Time =   4.43 seconds
Begin            : Real Time =   1.34 seconds Cpu Time =   1.34 seconds
RawDecode        : Real Time = 367.61 seconds Cpu Time = 210.76 seconds
Decode           : Real Time = 511.56 seconds Cpu Time = 510.36 seconds
CoarseTracking   : Real Time =   0.14 seconds Cpu Time =   0.15 seconds
CoarseReconstruct: Real Time =   4.74 seconds Cpu Time =   4.67 seconds
Tracking         : Real Time = 361.04 seconds Cpu Time = 362.32 seconds
Reconstruct      : Real Time =   0.72 seconds Cpu Time =   0.62 seconds
Physics          : Real Time =   0.11 seconds Cpu Time =   0.11 seconds
End              : Real Time =   7.34 seconds Cpu Time =   7.34 seconds
Output           : Real Time =   2.51 seconds Cpu Time =   2.47 seconds
Cuts             : Real Time =   1.20 seconds Cpu Time =   1.18 seconds
Total            : Real Time = 1264.62 seconds Cpu Time = 1107.42 seconds
 Continuing analysis, run 11993
Reading from "file:///cache/mss/halla/sbs/raw/e1209019_11993.evio.0.1" (GMN run)
End of file.
==== Wed Nov 17 11:23:18 2021 Summary for run 11993
Counter summary:
177967  events read
177967  events decoded
177891  physics events
20      slow control events
56      other event types
177891  physics events analyzed
13644   events accepted
44158   skipped after Coarse Reconstruct
120165  skipped after Physics

Cut summary:
Name                      Def                        Called     Passed
-------------------------------------------------------------------------------
BLOCK: RawDecode
RawDecode_master          1                          177967     177967 (100%)

BLOCK: Decode
Decode_master             1                          177891     177891 (100%)

BLOCK: CoarseReconstruct
HitsPreShower             bb.ps.nclus>0              177891     133733 (75.2%)
HitsShower                bb.sh.nclus>0              177891     174878 (98.3%)
GoodPreShower             bb.ps.ngoodADChits>0       177891     159694 (89.8%)
GoodShower                bb.sh.ngoodADChits>0       177891     175142 (98.5%)
GoodEvent                 HitsPreShower&&HitsShower  177891     133733 (75.2%)
CoarseReconstruct_master  GoodEvent                  177891     133733 (75.2%)

BLOCK: Physics
GoodTrack                 BB.gold.index>-1           133733     13568  (10.1%)
Physics_master            GoodTrack                  133733     13568  (10.1%)

Timing summary:
Init             : Real Time =   4.57 seconds Cpu Time =   4.44 seconds
Begin            : Real Time =   1.34 seconds Cpu Time =   1.34 seconds
RawDecode        : Real Time = 779.83 seconds Cpu Time = 421.52 seconds
Decode           : Real Time = 1024.39 seconds Cpu Time = 1021.91 seconds
CoarseTracking   : Real Time =   0.27 seconds Cpu Time =   0.30 seconds
CoarseReconstruct: Real Time =   9.64 seconds Cpu Time =   9.65 seconds
Tracking         : Real Time = 737.12 seconds Cpu Time = 739.48 seconds
Reconstruct      : Real Time =   1.44 seconds Cpu Time =   1.23 seconds
Physics          : Real Time =   0.23 seconds Cpu Time =   0.24 seconds
End              : Real Time =  15.80 seconds Cpu Time =  15.30 seconds
Output           : Real Time =   4.71 seconds Cpu Time =   4.84 seconds
Cuts             : Real Time =   2.37 seconds Cpu Time =   2.34 seconds
Total            : Real Time = 2585.11 seconds Cpu Time = 2225.77 seconds
